Determining if the pthread_create exist failed with the following output:
Change Dir: /home/nikita/Рабочий стол/pbscpp_problem3/git/pbscpp_problem3/pbscpp_problem3_part2/CMakeFiles/CMakeTmp

Run Build Command:"/usr/bin/make" "cmTC_4cf17/fast"
/usr/bin/make -f CMakeFiles/cmTC_4cf17.dir/build.make CMakeFiles/cmTC_4cf17.dir/build
make[1]: вход в каталог «/home/nikita/Рабочий стол/pbscpp_problem3/git/pbscpp_problem3/pbscpp_problem3_part2/CMakeFiles/CMakeTmp»
Building C object CMakeFiles/cmTC_4cf17.dir/CheckSymbolExists.c.o
/usr/bin/cc    -o CMakeFiles/cmTC_4cf17.dir/CheckSymbolExists.c.o   -c "/home/nikita/Рабочий стол/pbscpp_problem3/git/pbscpp_problem3/pbscpp_problem3_part2/CMakeFiles/CMakeTmp/CheckSymbolExists.c"
Linking C executable cmTC_4cf17
/usr/bin/cmake -E cmake_link_script CMakeFiles/cmTC_4cf17.dir/link.txt --verbose=1
/usr/bin/cc      -rdynamic CMakeFiles/cmTC_4cf17.dir/CheckSymbolExists.c.o  -o cmTC_4cf17 
CMakeFiles/cmTC_4cf17.dir/CheckSymbolExists.c.o: In function `main':
CheckSymbolExists.c:(.text+0x1b): undefined reference to `pthread_create'
collect2: error: ld returned 1 exit status
CMakeFiles/cmTC_4cf17.dir/build.make:97: recipe for target 'cmTC_4cf17' failed
make[1]: *** [cmTC_4cf17] Error 1
make[1]: выход из каталога «/home/nikita/Рабочий стол/pbscpp_problem3/git/pbscpp_problem3/pbscpp_problem3_part2/CMakeFiles/CMakeTmp»
Makefile:126: recipe for target 'cmTC_4cf17/fast' failed
make: *** [cmTC_4cf17/fast] Error 2

File /home/nikita/Рабочий стол/pbscpp_problem3/git/pbscpp_problem3/pbscpp_problem3_part2/CMakeFiles/CMakeTmp/CheckSymbolExists.c:
/* */
#include <pthread.h>

int main(int argc, char** argv)
{
  (void)argv;
#ifndef pthread_create
  return ((int*)(&pthread_create))[argc];
#else
  (void)argc;
  return 0;
#endif
}

Determining if the function pthread_create exists in the pthreads failed with the following output:
Change Dir: /home/nikita/Рабочий стол/pbscpp_problem3/git/pbscpp_problem3/pbscpp_problem3_part2/CMakeFiles/CMakeTmp

Run Build Command:"/usr/bin/make" "cmTC_6fb03/fast"
/usr/bin/make -f CMakeFiles/cmTC_6fb03.dir/build.make CMakeFiles/cmTC_6fb03.dir/build
make[1]: вход в каталог «/home/nikita/Рабочий стол/pbscpp_problem3/git/pbscpp_problem3/pbscpp_problem3_part2/CMakeFiles/CMakeTmp»
Building C object CMakeFiles/cmTC_6fb03.dir/CheckFunctionExists.c.o
/usr/bin/cc   -DCHECK_FUNCTION_EXISTS=pthread_create   -o CMakeFiles/cmTC_6fb03.dir/CheckFunctionExists.c.o   -c /usr/share/cmake-3.10/Modules/CheckFunctionExists.c
Linking C executable cmTC_6fb03
/usr/bin/cmake -E cmake_link_script CMakeFiles/cmTC_6fb03.dir/link.txt --verbose=1
/usr/bin/cc  -DCHECK_FUNCTION_EXISTS=pthread_create    -rdynamic CMakeFiles/cmTC_6fb03.dir/CheckFunctionExists.c.o  -o cmTC_6fb03 -lpthreads 
/usr/bin/ld: cannot find -lpthreads
collect2: error: ld returned 1 exit status
CMakeFiles/cmTC_6fb03.dir/build.make:97: recipe for target 'cmTC_6fb03' failed
make[1]: *** [cmTC_6fb03] Error 1
make[1]: выход из каталога «/home/nikita/Рабочий стол/pbscpp_problem3/git/pbscpp_problem3/pbscpp_problem3_part2/CMakeFiles/CMakeTmp»
Makefile:126: recipe for target 'cmTC_6fb03/fast' failed
make: *** [cmTC_6fb03/fast] Error 2


